<?xml version='1.0'?>
<ns2:test-suite xmlns:ns2='urn:model.allure.qatools.yandex.ru' start='1669848245713' stop='1669848249919'>
    <name>Bootcamp E2E: </name>
    <title>Bootcamp E2E: </title>
    <test-cases>
        <test-case start='1669848245713' status='passed' stop='1669848245713'>
            <name></name>
            <title></title>
            <labels>
                <label name='language' value='javascript'/>
                <label name='framework' value='wdio'/>
                <label name='thread' value='0-0'/>
            </labels>
            <parameters>
                <parameter kind='argument' name='browser' value='chrome-107.0.5304.107'/>
            </parameters>
            <steps/>
            <attachments/>
        </test-case>
        <test-case start='1669848245714' status='passed' stop='1669848249914'>
            <name>Given I open home page</name>
            <title>Given I open home page</title>
            <labels>
                <label name='language' value='javascript'/>
                <label name='framework' value='wdio'/>
                <label name='thread' value='0-0'/>
            </labels>
            <parameters>
                <parameter kind='argument' name='browser' value='chrome-107.0.5304.107'/>
            </parameters>
            <steps>
                <step start='1669848245714' status='passed' stop='1669848248133'>
                    <name>POST /session/:sessionId/url</name>
                    <title>POST /session/:sessionId/url</title>
                    <attachments>
                        <attachment title='Request' source='f2f9f645-780f-41fc-ac96-03a4cab03338-attachment.json' type='application/json' size='38'/>
                    </attachments>
                    <steps/>
                </step>
                <step start='1669848249908' status='undefined'>
                    <name>POST /session/:sessionId/refresh</name>
                    <title>POST /session/:sessionId/refresh</title>
                    <attachments/>
                    <steps/>
                </step>
            </steps>
            <attachments/>
        </test-case>
        <test-case start='1669848249914' status='broken' stop='1669848249915'>
            <name>* I close the promo baner if it appear</name>
            <title>* I close the promo baner if it appear</title>
            <labels>
                <label name='language' value='javascript'/>
                <label name='framework' value='wdio'/>
                <label name='thread' value='0-0'/>
            </labels>
            <parameters>
                <parameter kind='argument' name='browser' value='chrome-107.0.5304.107'/>
            </parameters>
            <steps/>
            <attachments/>
            <failure>
                <message>Step "I close the promo baner if it appear" is not defined. You can ignore this error by setting cucumberOpts.ignoreUndefinedDefinitions as true.</message>
                <stack-trace>Step "I close the promo baner if it appear" is not defined. You can ignore this error by setting cucumberOpts.ignoreUndefinedDefinitions as true.
                	at Feature(C:\Users\djujy\e2e-homework\features\e2e.feature):1:1
                	at Scenario():16:1
                </stack-trace>
            </failure>
        </test-case>
        <test-case start='1669848249915' status='pending' stop='1669848249916'>
            <name>When I open "Today's Best Deals" tab</name>
            <title>When I open "Today's Best Deals" tab</title>
            <labels>
                <label name='language' value='javascript'/>
                <label name='framework' value='wdio'/>
                <label name='thread' value='0-0'/>
            </labels>
            <parameters>
                <parameter kind='argument' name='browser' value='chrome-107.0.5304.107'/>
            </parameters>
            <steps/>
            <attachments/>
        </test-case>
        <test-case start='1669848249916' status='broken' stop='1669848249917'>
            <name>* I click on Internet shop logo</name>
            <title>* I click on Internet shop logo</title>
            <labels>
                <label name='language' value='javascript'/>
                <label name='framework' value='wdio'/>
                <label name='thread' value='0-0'/>
            </labels>
            <parameters>
                <parameter kind='argument' name='browser' value='chrome-107.0.5304.107'/>
            </parameters>
            <steps/>
            <attachments/>
            <failure>
                <message>Step "I click on Internet shop logo" is not defined. You can ignore this error by setting cucumberOpts.ignoreUndefinedDefinitions as true.</message>
                <stack-trace>Step "I click on Internet shop logo" is not defined. You can ignore this error by setting cucumberOpts.ignoreUndefinedDefinitions as true.
                	at Feature(C:\Users\djujy\e2e-homework\features\e2e.feature):1:1
                	at Scenario():16:1
                	at Step(I click on Internet shop logo):18:1
                </stack-trace>
            </failure>
        </test-case>
        <test-case start='1669848249917' status='pending' stop='1669848249917'>
            <name>Then I check if I go to the main page</name>
            <title>Then I check if I go to the main page</title>
            <labels>
                <label name='language' value='javascript'/>
                <label name='framework' value='wdio'/>
                <label name='thread' value='0-0'/>
            </labels>
            <parameters>
                <parameter kind='argument' name='browser' value='chrome-107.0.5304.107'/>
            </parameters>
            <steps/>
            <attachments/>
        </test-case>
        <test-case start='1669848249918' status='passed' stop='1669848249919'>
            <name></name>
            <title></title>
            <labels>
                <label name='language' value='javascript'/>
                <label name='framework' value='wdio'/>
                <label name='thread' value='0-0'/>
            </labels>
            <parameters>
                <parameter kind='argument' name='browser' value='chrome-107.0.5304.107'/>
            </parameters>
            <steps/>
            <attachments/>
        </test-case>
    </test-cases>
</ns2:test-suite>